<?xml version="1.0" encoding="UTF-8"?>
<testsuite xmlns:xsi="http://www.w3.org/2001/XMLSchema-instance" xsi:noNamespaceSchemaLocation="https://maven.apache.org/surefire/maven-surefire-plugin/xsd/surefire-test-report-3.0.xsd" version="3.0" name="cucumber.Options.RunTest" time="5.767" tests="5" errors="0" skipped="0" failures="0">
  <properties>
[...]
</properties>
  <testcase name="Verify the step of addAPI for Activity" classname="Feature: End to End test for Activity API" time="3.008">
    <system-out><![CDATA[Feature: End to End test for Activity API

  Scenario: Verify the step of addAPI for Activity &amp#27;[90m# src/test/java/features/ActivitiesVal.feature:3&amp#27;[0m
Request method:	GET
Request URI:	https://fakerestapi.azurewebsites.net/api/v1/Activities
Proxy:			<none>
Request params:	<none>
Query params:	<none>
Form params:	<none>
Path params:	<none>
Headers:		Accept=*/*
				Content-Type=application/json
Cookies:		<none>
Multiparts:		<none>
Body:			<none>
    &amp#27;[32mGiven &amp#27;[0m&amp#27;[32mA list of Activity are avilable&amp#27;[0m          &amp#27;[90m# Steps2.a_list_of_Activity_are_avilable()&amp#27;[0m
Request method:	POST
Request URI:	https://fakerestapi.azurewebsites.net/api/v1/Activities
Proxy:			<none>
Request params:	<none>
Query params:	<none>
Form params:	<none>
Path params:	<none>
Headers:		Accept=*/*
				Content-Type=application/json
Cookies:		<none>
Multiparts:		<none>
Body:
{
    "id": 0,
    "title": "string",
    "dueDate": "2024-03-12T18:40:39.623Z",
    "completed": true
}
    &amp#27;[32mWhen &amp#27;[0m&amp#27;[32muser add a one activity in list&amp#27;[0m           &amp#27;[90m# Steps2.user_add_a_one_activity_in_list()&amp#27;[0m
Request method:	PUT
Request URI:	https://fakerestapi.azurewebsites.net/api/v1/Activities
Proxy:			<none>
Request params:	<none>
Query params:	<none>
Form params:	<none>
Path params:	<none>
Headers:		Accept=*/*
				Content-Type=application/json
Cookies:		<none>
Multiparts:		<none>
Body:
{
    "id": 2,
    "title": "Test",
    "dueDate": "2024-03-13T18:40:39.623Z",
    "completed": true
}
    &amp#27;[32mThen &amp#27;[0m&amp#27;[32muser has updated id two details in list&amp#27;[0m   &amp#27;[90m# Steps2.user_has_updated_id_two_details_in_list()&amp#27;[0m
    &amp#27;[32mWhen &amp#27;[0m&amp#27;[32mUser removed id two detais in list&amp#27;[0m        &amp#27;[90m# Steps2.user_removed_id_two_detais_in_list()&amp#27;[0m
    &amp#27;[32mThen &amp#27;[0m&amp#27;[32mid two details activity is removed&amp#27;[0m        &amp#27;[90m# Steps2.id_two_details_activity_is_removed()&amp#27;[0m
]]></system-out>
  </testcase>
  <testcase name="Get the details of Books" classname="Feature: Books Details" time="0.94">
    <system-out><![CDATA[
Feature: Books Details

  @Get
  Scenario: Get the details of Books                      &amp#27;[90m# src/test/java/features/BookValidation.feature:4&amp#27;[0m
    &amp#27;[32mGiven &amp#27;[0m&amp#27;[32mUser call getdetailsAPI with &amp#27;[0m&amp#27;[32m&amp#27;[1m"GET"&amp#27;[0m&amp#27;[32m http request&amp#27;[0m &amp#27;[90m# steps1.user_call_getdetailsAPI_with_http_request(String)&amp#27;[0m
    &amp#27;[32mWhen &amp#27;[0m&amp#27;[32mthe api got success with status code &amp#27;[0m&amp#27;[32m&amp#27;[1m200&amp#27;[0m         &amp#27;[90m# steps1.the_api_got_success_with_status_code(Integer)&amp#27;[0m
    &amp#27;[32mThen &amp#27;[0m&amp#27;[32m&amp#27;[0m&amp#27;[32m&amp#27;[1m"id"&amp#27;[0m&amp#27;[32m in response body is &amp#27;[0m&amp#27;[32m&amp#27;[1m1&amp#27;[0m                       &amp#27;[90m# steps1.in_response_body_is(String,Integer)&amp#27;[0m
]]></system-out>
  </testcase>
  <testcase name="Verify if Book is being successfuly added" classname="Feature: Books Details" time="0.632">
    <system-out><![CDATA[
  @Post
  Scenario Outline: Verify if Book is being successfuly added &amp#27;[90m# src/test/java/features/BookValidation.feature:10&amp#27;[0m
    &amp#27;[36mGiven Add book payload with "<id>" "<title>" "<description>" "<pageCount>" "<excerpt>" "<publishDate>"&amp#27;[0m
    &amp#27;[36mWhen user call bookaddapi wiht "POST" http request method&amp#27;[0m
    &amp#27;[36mThen the api call got succeess with status code 200&amp#27;[0m
    &amp#27;[36mAnd "id" in response body is 0&amp#27;[0m
    &amp#27;[36mAnd "title" in response body is "string"&amp#27;[0m
    &amp#27;[36mAnd "description" in response body is "string"&amp#27;[0m
    &amp#27;[36mAnd "pageCount" in response body is 0&amp#27;[0m
    &amp#27;[36mAnd "excerpt" in response body is "string"&amp#27;[0m
    &amp#27;[36mAnd "publishDate" in response body is "2024-03-10T21:17:14.777Z"&amp#27;[0m

    Examples: 

  @Post
  Scenario Outline: Verify if Book is being successfuly added                                                                                                             &amp#27;[90m# src/test/java/features/BookValidation.feature:23&amp#27;[0m
    &amp#27;[32mGiven &amp#27;[0m&amp#27;[32mAdd book payload with &amp#27;[0m&amp#27;[32m&amp#27;[1m"201"&amp#27;[0m&amp#27;[32m &amp#27;[0m&amp#27;[32m&amp#27;[1m"Book 201"&amp#27;[0m&amp#27;[32m &amp#27;[0m&amp#27;[32m&amp#27;[1m"Lorem lorem lorem Lorem lorem lorem"&amp#27;[0m&amp#27;[32m &amp#27;[0m&amp#27;[32m&amp#27;[1m"20100"&amp#27;[0m&amp#27;[32m &amp#27;[0m&amp#27;[32m&amp#27;[1m"Lorem Lorem lorem lorem nLorem lorem"&amp#27;[0m&amp#27;[32m &amp#27;[0m&amp#27;[32m&amp#27;[1m"2023-08-25T21:26:22.0431225+00:00"&amp#27;[0m &amp#27;[90m# steps1.add_book_payload_with(String,String,String,String,String,String)&amp#27;[0m
Request method:	POST
Request URI:	https://fakerestapi.azurewebsites.net/api/v1/Books
Proxy:			<none>
Request params:	<none>
Query params:	<none>
Form params:	<none>
Path params:	<none>
Headers:		Accept=*/*
				Content-Type=application/json
Cookies:		<none>
Multiparts:		<none>
Body:
{
    "id": "201",
    "title": "Book 201",
    "description": "Lorem lorem lorem Lorem lorem lorem",
    "pageCount": "20100",
    "excerpt": "Lorem Lorem lorem lorem nLorem lorem",
    "publishDate": "2023-08-25T21:26:22.0431225+00:00"
}
    &amp#27;[32mWhen &amp#27;[0m&amp#27;[32muser call bookaddapi wiht &amp#27;[0m&amp#27;[32m&amp#27;[1m"POST"&amp#27;[0m&amp#27;[32m http request method&amp#27;[0m                                                                                                             &amp#27;[90m# steps1.user_call_bookaddapi_wiht_http_request_method(String)&amp#27;[0m
    &amp#27;[32mThen &amp#27;[0m&amp#27;[32mthe api call got succeess with status code &amp#27;[0m&amp#27;[32m&amp#27;[1m200&amp#27;[0m                                                                                                                   &amp#27;[90m# steps1.the_api_call_got_succeess_with_status_code(Integer)&amp#27;[0m
    &amp#27;[32mAnd &amp#27;[0m&amp#27;[32m&amp#27;[0m&amp#27;[32m&amp#27;[1m"id"&amp#27;[0m&amp#27;[32m in response body is &amp#27;[0m&amp#27;[32m&amp#27;[1m0&amp#27;[0m                                                                                                                                        &amp#27;[90m# steps1.in_response_body_is(String,Integer)&amp#27;[0m
    &amp#27;[32mAnd &amp#27;[0m&amp#27;[32m&amp#27;[0m&amp#27;[32m&amp#27;[1m"title"&amp#27;[0m&amp#27;[32m in response body is &amp#27;[0m&amp#27;[32m&amp#27;[1m"string"&amp#27;[0m                                                                                                                              &amp#27;[90m# steps1.in_response_body_is(String,String)&amp#27;[0m
    &amp#27;[32mAnd &amp#27;[0m&amp#27;[32m&amp#27;[0m&amp#27;[32m&amp#27;[1m"description"&amp#27;[0m&amp#27;[32m in response body is &amp#27;[0m&amp#27;[32m&amp#27;[1m"string"&amp#27;[0m                                                                                                                        &amp#27;[90m# steps1.in_response_body_is(String,String)&amp#27;[0m
    &amp#27;[32mAnd &amp#27;[0m&amp#27;[32m&amp#27;[0m&amp#27;[32m&amp#27;[1m"pageCount"&amp#27;[0m&amp#27;[32m in response body is &amp#27;[0m&amp#27;[32m&amp#27;[1m0&amp#27;[0m                                                                                                                                 &amp#27;[90m# steps1.in_response_body_is(String,Integer)&amp#27;[0m
    &amp#27;[32mAnd &amp#27;[0m&amp#27;[32m&amp#27;[0m&amp#27;[32m&amp#27;[1m"excerpt"&amp#27;[0m&amp#27;[32m in response body is &amp#27;[0m&amp#27;[32m&amp#27;[1m"string"&amp#27;[0m                                                                                                                            &amp#27;[90m# steps1.in_response_body_is(String,String)&amp#27;[0m
    &amp#27;[32mAnd &amp#27;[0m&amp#27;[32m&amp#27;[0m&amp#27;[32m&amp#27;[1m"publishDate"&amp#27;[0m&amp#27;[32m in response body is &amp#27;[0m&amp#27;[32m&amp#27;[1m"2024-03-10T21:17:14.777Z"&amp#27;[0m                                                                                                      &amp#27;[90m# steps1.in_response_body_is(String,String)&amp#27;[0m
]]></system-out>
  </testcase>
  <testcase name="Get the details of specific Book" classname="Feature: Books Details" time="0.54">
    <system-out><![CDATA[
  @Get2
  Scenario: Get the details of specific Book           &amp#27;[90m# src/test/java/features/BookValidation.feature:26&amp#27;[0m
    &amp#27;[32mGiven &amp#27;[0m&amp#27;[32muser call getbookapi with &amp#27;[0m&amp#27;[32m&amp#27;[1m"GET"&amp#27;[0m&amp#27;[32m http request&amp#27;[0m &amp#27;[90m# steps1.user_call_getbookapi_with_http_request(String)&amp#27;[0m
    &amp#27;[32mWhen &amp#27;[0m&amp#27;[32mthe api got success with status code &amp#27;[0m&amp#27;[32m&amp#27;[1m200&amp#27;[0m      &amp#27;[90m# steps1.the_api_got_success_with_status_code(Integer)&amp#27;[0m
    &amp#27;[32mThen &amp#27;[0m&amp#27;[32m&amp#27;[0m&amp#27;[32m&amp#27;[1m"id"&amp#27;[0m&amp#27;[32m in response body is &amp#27;[0m&amp#27;[32m&amp#27;[1m1&amp#27;[0m                    &amp#27;[90m# steps1.in_response_body_is(String,Integer)&amp#27;[0m
]]></system-out>
  </testcase>
  <testcase name="Verify if book is being successful updated" classname="Feature: Books Details" time="0.526">
    <system-out><![CDATA[
  @Put
  Scenario Outline: Verify if book is being successful updated &amp#27;[90m# src/test/java/features/BookValidation.feature:32&amp#27;[0m
    &amp#27;[36mGiven Update book payload with "<id>" "<title>" "<description>" "<pageCount>" "<excerpt>" "<publishDate>"&amp#27;[0m
    &amp#27;[36mWhen user call bookupdateapi wiht "PUT" http request method&amp#27;[0m
    &amp#27;[36mThen the api call got succeess with status code 200&amp#27;[0m
    &amp#27;[36mAnd "id" in response body is 0&amp#27;[0m
    &amp#27;[36mAnd "title" in response body is "string"&amp#27;[0m
    &amp#27;[36mAnd "description" in response body is "string"&amp#27;[0m
    &amp#27;[36mAnd "pageCount" in response body is 0&amp#27;[0m
    &amp#27;[36mAnd "excerpt" in response body is "string"&amp#27;[0m
    &amp#27;[36mAnd "publishDate" in response body is "2024-03-10T21:17:14.777Z"&amp#27;[0m

    Examples: 

  @Put
  Scenario Outline: Verify if book is being successful updated                                            &amp#27;[90m# src/test/java/features/BookValidation.feature:45&amp#27;[0m
    &amp#27;[32mGiven &amp#27;[0m&amp#27;[32mUpdate book payload with &amp#27;[0m&amp#27;[32m&amp#27;[1m"200"&amp#27;[0m&amp#27;[32m &amp#27;[0m&amp#27;[32m&amp#27;[1m"Test2"&amp#27;[0m&amp#27;[32m &amp#27;[0m&amp#27;[32m&amp#27;[1m"Loram Test1"&amp#27;[0m&amp#27;[32m &amp#27;[0m&amp#27;[32m&amp#27;[1m"20200"&amp#27;[0m&amp#27;[32m &amp#27;[0m&amp#27;[32m&amp#27;[1m"Test3"&amp#27;[0m&amp#27;[32m &amp#27;[0m&amp#27;[32m&amp#27;[1m"2024-03-11T22:20:27.912Z"&amp#27;[0m &amp#27;[90m# steps1.update_book_payload_with(String,String,String,String,String,String)&amp#27;[0m
Request method:	PUT
Request URI:	https://fakerestapi.azurewebsites.net/api/v1/Books/3
Proxy:			<none>
Request params:	<none>
Query params:	<none>
Form params:	<none>
Path params:	<none>
Headers:		Accept=*/*
				Content-Type=application/json
Cookies:		<none>
Multiparts:		<none>
Body:
{
    "id": "200",
    "title": "Test2",
    "description": "Loram Test1",
    "pageCount": "20200",
    "excerpt": "Test3",
    "publishDate": "2024-03-11T22:20:27.912Z"
}
    &amp#27;[32mWhen &amp#27;[0m&amp#27;[32muser call bookupdateapi wiht &amp#27;[0m&amp#27;[32m&amp#27;[1m"PUT"&amp#27;[0m&amp#27;[32m http request method&amp#27;[0m                                           &amp#27;[90m# steps1.user_call_bookupdateapi_wiht_http_request_method(String)&amp#27;[0m
    &amp#27;[32mThen &amp#27;[0m&amp#27;[32mthe api call got succeess with status code &amp#27;[0m&amp#27;[32m&amp#27;[1m200&amp#27;[0m                                                   &amp#27;[90m# steps1.the_api_call_got_succeess_with_status_code(Integer)&amp#27;[0m
    &amp#27;[32mAnd &amp#27;[0m&amp#27;[32m&amp#27;[0m&amp#27;[32m&amp#27;[1m"id"&amp#27;[0m&amp#27;[32m in response body is &amp#27;[0m&amp#27;[32m&amp#27;[1m0&amp#27;[0m                                                                        &amp#27;[90m# steps1.in_response_body_is(String,Integer)&amp#27;[0m
    &amp#27;[32mAnd &amp#27;[0m&amp#27;[32m&amp#27;[0m&amp#27;[32m&amp#27;[1m"title"&amp#27;[0m&amp#27;[32m in response body is &amp#27;[0m&amp#27;[32m&amp#27;[1m"string"&amp#27;[0m                                                              &amp#27;[90m# steps1.in_response_body_is(String,String)&amp#27;[0m
    &amp#27;[32mAnd &amp#27;[0m&amp#27;[32m&amp#27;[0m&amp#27;[32m&amp#27;[1m"description"&amp#27;[0m&amp#27;[32m in response body is &amp#27;[0m&amp#27;[32m&amp#27;[1m"string"&amp#27;[0m                                                        &amp#27;[90m# steps1.in_response_body_is(String,String)&amp#27;[0m
    &amp#27;[32mAnd &amp#27;[0m&amp#27;[32m&amp#27;[0m&amp#27;[32m&amp#27;[1m"pageCount"&amp#27;[0m&amp#27;[32m in response body is &amp#27;[0m&amp#27;[32m&amp#27;[1m0&amp#27;[0m                                                                 &amp#27;[90m# steps1.in_response_body_is(String,Integer)&amp#27;[0m
    &amp#27;[32mAnd &amp#27;[0m&amp#27;[32m&amp#27;[0m&amp#27;[32m&amp#27;[1m"excerpt"&amp#27;[0m&amp#27;[32m in response body is &amp#27;[0m&amp#27;[32m&amp#27;[1m"string"&amp#27;[0m                                                            &amp#27;[90m# steps1.in_response_body_is(String,String)&amp#27;[0m
    &amp#27;[32mAnd &amp#27;[0m&amp#27;[32m&amp#27;[0m&amp#27;[32m&amp#27;[1m"publishDate"&amp#27;[0m&amp#27;[32m in response body is &amp#27;[0m&amp#27;[32m&amp#27;[1m"2024-03-10T21:17:14.777Z"&amp#27;[0m                                      &amp#27;[90m# steps1.in_response_body_is(String,String)&amp#27;[0m
]]></system-out>
  </testcase>
</testsuite>