<?xml version="1.0" encoding="UTF-8"?>
<testng-results total="5" passed="5" failed="0" skipped="0">
  <reporter-output>
  </reporter-output>
  <suite started-at="2024-02-08T05:10:36Z" name="Default suite" finished-at="2024-02-08T05:10:37Z" duration-ms="1153">
    <groups>
    </groups>
    <test started-at="2024-02-08T05:10:36Z" name="Default test" finished-at="2024-02-08T05:10:37Z" duration-ms="1153">
      <class name="Assured.DataProviders">
        <test-method signature="addbook(java.lang.String, java.lang.String)[pri:0, instance:Assured.DataProviders@4d5650ae]" started-at="2024-02-08T10:40:36Z" name="addbook" data-provider="BooksData" finished-at="2024-02-08T10:40:37Z" duration-ms="769" status="PASS">
          <params>
            <param index="0">
              <value>
                <![CDATA[bcdr]]>
              </value>
            </param>
            <param index="1">
              <value>
                <![CDATA[2287]]>
              </value>
            </param>
          </params>
          <reporter-output>
          </reporter-output>
        </test-method> <!-- addbook -->
        <test-method signature="addbook(java.lang.String, java.lang.String)[pri:0, instance:Assured.DataProviders@4d5650ae]" started-at="2024-02-08T10:40:37Z" name="addbook" data-provider="BooksData" finished-at="2024-02-08T10:40:37Z" duration-ms="88" status="PASS">
          <params>
            <param index="0">
              <value>
                <![CDATA[bcdt]]>
              </value>
            </param>
            <param index="1">
              <value>
                <![CDATA[2286]]>
              </value>
            </param>
          </params>
          <reporter-output>
          </reporter-output>
        </test-method> <!-- addbook -->
        <test-method signature="addbook(java.lang.String, java.lang.String)[pri:0, instance:Assured.DataProviders@4d5650ae]" started-at="2024-02-08T10:40:37Z" name="addbook" data-provider="BooksData" finished-at="2024-02-08T10:40:37Z" duration-ms="95" status="PASS">
          <params>
            <param index="0">
              <value>
                <![CDATA[bcdw]]>
              </value>
            </param>
            <param index="1">
              <value>
                <![CDATA[2285]]>
              </value>
            </param>
          </params>
          <reporter-output>
          </reporter-output>
        </test-method> <!-- addbook -->
        <test-method signature="addbook(java.lang.String, java.lang.String)[pri:0, instance:Assured.DataProviders@4d5650ae]" started-at="2024-02-08T10:40:37Z" name="addbook" data-provider="BooksData" finished-at="2024-02-08T10:40:37Z" duration-ms="92" status="PASS">
          <params>
            <param index="0">
              <value>
                <![CDATA[bcdh]]>
              </value>
            </param>
            <param index="1">
              <value>
                <![CDATA[2284]]>
              </value>
            </param>
          </params>
          <reporter-output>
          </reporter-output>
        </test-method> <!-- addbook -->
        <test-method signature="addbook(java.lang.String, java.lang.String)[pri:0, instance:Assured.DataProviders@4d5650ae]" started-at="2024-02-08T10:40:37Z" name="addbook" data-provider="BooksData" finished-at="2024-02-08T10:40:37Z" duration-ms="97" status="PASS">
          <params>
            <param index="0">
              <value>
                <![CDATA[bcdm]]>
              </value>
            </param>
            <param index="1">
              <value>
                <![CDATA[2283]]>
              </value>
            </param>
          </params>
          <reporter-output>
          </reporter-output>
        </test-method> <!-- addbook -->
      </class> <!-- Assured.DataProviders -->
    </test> <!-- Default test -->
  </suite> <!-- Default suite -->
</testng-results>
